TN:
SF:src/estructura/cancion.ts
FN:8,(anonymous_1)
FN:16,(anonymous_2)
FN:19,(anonymous_3)
FN:22,(anonymous_4)
FN:25,(anonymous_5)
FN:28,(anonymous_6)
FN:31,(anonymous_7)
FN:35,(anonymous_8)
FN:38,(anonymous_9)
FN:41,(anonymous_10)
FN:44,(anonymous_11)
FN:47,(anonymous_12)
FN:50,(anonymous_13)
FN:53,(anonymous_14)
FN:59,(anonymous_15)
FN:68,(anonymous_16)
FN:72,(anonymous_17)
FN:76,(anonymous_18)
FN:80,(anonymous_19)
FN:82,(anonymous_20)
FN:84,(anonymous_21)
FN:85,(anonymous_22)
FN:87,(anonymous_23)
FN:90,(anonymous_24)
FN:93,(anonymous_25)
FN:95,(anonymous_26)
FN:102,(anonymous_27)
FN:103,(anonymous_28)
FN:109,(anonymous_29)
FN:110,(anonymous_30)
FN:113,(anonymous_31)
FN:116,(anonymous_32)
FN:119,(anonymous_33)
FN:121,(anonymous_34)
FN:126,(anonymous_35)
FN:128,(anonymous_36)
FNF:36
FNH:6
FNDA:4,(anonymous_1)
FNDA:1,(anonymous_2)
FNDA:0,(anonymous_3)
FNDA:0,(anonymous_4)
FNDA:0,(anonymous_5)
FNDA:0,(anonymous_6)
FNDA:0,(anonymous_7)
FNDA:0,(anonymous_8)
FNDA:0,(anonymous_9)
FNDA:0,(anonymous_10)
FNDA:0,(anonymous_11)
FNDA:0,(anonymous_12)
FNDA:0,(anonymous_13)
FNDA:0,(anonymous_14)
FNDA:0,(anonymous_15)
FNDA:1,(anonymous_16)
FNDA:3,(anonymous_17)
FNDA:1,(anonymous_18)
FNDA:0,(anonymous_19)
FNDA:0,(anonymous_20)
FNDA:0,(anonymous_21)
FNDA:0,(anonymous_22)
FNDA:0,(anonymous_23)
FNDA:1,(anonymous_24)
FNDA:0,(anonymous_25)
FNDA:0,(anonymous_26)
FNDA:0,(anonymous_27)
FNDA:0,(anonymous_28)
FNDA:0,(anonymous_29)
FNDA:0,(anonymous_30)
FNDA:0,(anonymous_31)
FNDA:0,(anonymous_32)
FNDA:0,(anonymous_33)
FNDA:0,(anonymous_34)
FNDA:0,(anonymous_35)
FNDA:0,(anonymous_36)
DA:1,1
DA:2,1
DA:7,1
DA:9,4
DA:10,4
DA:11,4
DA:12,4
DA:13,4
DA:14,4
DA:17,1
DA:20,0
DA:23,0
DA:26,0
DA:29,0
DA:32,0
DA:36,0
DA:39,0
DA:42,0
DA:45,0
DA:48,0
DA:51,0
DA:54,0
DA:55,0
DA:56,0
DA:57,0
DA:61,0
DA:65,1
DA:68,1
DA:69,1
DA:70,1
DA:71,1
DA:72,3
DA:74,1
DA:77,1
DA:78,1
DA:81,0
DA:82,0
DA:85,0
DA:86,0
DA:87,0
DA:91,1
DA:94,0
DA:95,0
DA:96,0
DA:97,0
DA:100,0
DA:103,0
DA:104,0
DA:110,0
DA:111,0
DA:114,0
DA:117,0
DA:120,0
DA:121,0
DA:122,0
DA:123,0
DA:127,0
DA:128,0
DA:129,0
DA:130,0
LF:60
LH:20
BRDA:54,0,0,0
BRDA:54,0,1,0
BRDA:70,1,0,1
BRDA:70,1,1,0
BRDA:96,2,0,0
BRDA:96,2,1,0
BRF:6
BRH:1
end_of_record
